<?xml version="1.0" encoding="UTF-8"?>
<!-- Generated by org.testng.reporters.JUnitReportReporter -->
<testsuite hostname="priyans-MacBook-Air.local" failures="0" tests="1" name="testCase.LoginTestCase" time="17.639" errors="0" timestamp="2021-07-31T20:24:24 IST" skipped="0">
  <testcase classname="testCase.LoginTestCase" name="login" time="17.639"/>
  <system-out/>
</testsuite> <!-- testCase.LoginTestCase -->
