<?xml version="1.0" encoding="UTF-8"?>
<!-- Generated by org.testng.reporters.JUnitReportReporter -->
<testsuite hostname="priyans-MacBook-Air.local" failures="0" tests="1" name="withoutUsingFindBy.Page_objects" time="5.078" errors="0" timestamp="2021-08-03T08:10:55 IST" skipped="0">
  <testcase classname="withoutUsingFindBy.Page_objects" name="login" time="5.078"/>
  <system-out/>
</testsuite> <!-- withoutUsingFindBy.Page_objects -->
