<?xml version="1.0" encoding="UTF-8"?>
<!-- Generated by org.testng.reporters.JUnitReportReporter -->
<testsuite hostname="priyans-MacBook-Air.local" failures="0" tests="1" name="testCase.UpdateTestcase" time="24.962" errors="0" timestamp="2021-08-03T08:10:26 IST" skipped="0">
  <testcase classname="testCase.UpdateTestcase" name="update" time="24.962"/>
  <system-out/>
</testsuite> <!-- testCase.UpdateTestcase -->
